{"arg":"youd","icon":{"path":"translate.png"},"quicklookurl":"http:\/\/youdao.com\/w\/youd","subtitle":"youd","text":{"copy":"\u53d8\u7f8a,\u540d\u5b57"},"title":"\u53d8\u7f8a,\u540d\u5b57","valid":true}
{"arg":"youdao","icon":{"path":"translate.png"},"quicklookurl":"http:\/\/youdao.com\/w\/youdao","subtitle":"Youdao","text":{"copy":"\u589e\u5f3a\u7248,\u6709\u9053\u8bcd\u5178,\u6536\u5f55\u67e5\u8be2,\u7f51\u6613\u6709\u9053"},"title":"\u589e\u5f3a\u7248,\u6709\u9053\u8bcd\u5178,\u6536\u5f55\u67e5\u8be2,\u7f51\u6613\u6709\u9053","valid":true}
{"arg":"go","icon":{"path":"translate.png"},"quicklookurl":"http:\/\/youdao.com\/w\/go","subtitle":"Go","text":{"copy":"\u56f4\u68cb,\u53bb,\u8d70,\u6c27\u5316\u77f3\u58a8\u70ef"},"title":"\u56f4\u68cb,\u53bb,\u8d70,\u6c27\u5316\u77f3\u58a8\u70ef","valid":true}
{"arg":"good","icon":{"path":"translate.png"},"quicklookurl":"http:\/\/youdao.com\/w\/good","subtitle":"good","text":{"copy":"\u597d\u7684,\u5584,\u826f\u597d"},"title":"\u597d\u7684,\u5584,\u826f\u597d","valid":true}
{"arg":"man","icon":{"path":"translate.png"},"quicklookurl":"http:\/\/youdao.com\/w\/man","subtitle":"MAN","text":{"copy":"\u7537\u4eba,\u4eba,\u57ce\u57df\u7f51,\u5fb7\u56fd\u66fc"},"title":"\u7537\u4eba,\u4eba,\u57ce\u57df\u7f51,\u5fb7\u56fd\u66fc","valid":true}
{"arg":"f","icon":{"path":"translate.png"},"quicklookurl":"http:\/\/youdao.com\/w\/f","subtitle":"Axel F","text":{"copy":"\u6293\u72c2\u53ee\u549a,\u6293\u72c2\u53ee\u53ee,\u6c42\u91c7\u7eb3,\u827e\u514b\u7d22"},"title":"\u6293\u72c2\u53ee\u549a,\u6293\u72c2\u53ee\u53ee,\u6c42\u91c7\u7eb3,\u827e\u514b\u7d22","valid":true}
{"arg":"farm","icon":{"path":"translate.png"},"quicklookurl":"http:\/\/youdao.com\/w\/farm","subtitle":"farm","text":{"copy":"\u519c\u573a,\u519c\u5e84,\u6253\u5175\u8d5a\u94b1,\u75af\u72c2\u519c\u573a"},"title":"\u519c\u573a,\u519c\u5e84,\u6253\u5175\u8d5a\u94b1,\u75af\u72c2\u519c\u573a","valid":true}
{"arg":"farmer","icon":{"path":"translate.png"},"quicklookurl":"http:\/\/youdao.com\/w\/farmer","subtitle":"farmer","text":{"copy":"\u519c\u6c11,\u519c\u592b,\u519c\u573a\u4e3b,\u519c\u6237"},"title":"\u519c\u6c11,\u519c\u592b,\u519c\u573a\u4e3b,\u519c\u6237","valid":true}
{"arg":"fam","icon":{"path":"translate.png"},"quicklookurl":"http:\/\/youdao.com\/w\/fam","subtitle":"FAM","text":{"copy":"\u8109\u51b2\u5e45\u5ea6\u8c03\u5236,\u7fa7\u57fa\u8367\u5149\u7d20,\u8367\u5149\u7d20"},"title":"\u8109\u51b2\u5e45\u5ea6\u8c03\u5236,\u7fa7\u57fa\u8367\u5149\u7d20,\u8367\u5149\u7d20","valid":true}
{"arg":"f","icon":{"path":"translate.png"},"quicklookurl":"http:\/\/youdao.com\/w\/f","subtitle":"Axel F","text":{"copy":"\u6293\u72c2\u53ee\u549a,\u6293\u72c2\u53ee\u53ee,\u6c42\u91c7\u7eb3,\u827e\u514b\u7d22"},"title":"\u6293\u72c2\u53ee\u549a,\u6293\u72c2\u53ee\u53ee,\u6c42\u91c7\u7eb3,\u827e\u514b\u7d22","valid":true}
{"arg":"go","icon":{"path":"translate.png"},"quicklookurl":"http:\/\/youdao.com\/w\/go","subtitle":"Go","text":{"copy":"\u56f4\u68cb,\u53bb,\u8d70,\u6c27\u5316\u77f3\u58a8\u70ef"},"title":"\u56f4\u68cb,\u53bb,\u8d70,\u6c27\u5316\u77f3\u58a8\u70ef","valid":true}
{"arg":"goodm","icon":{"path":"translate.png"},"quicklookurl":"http:\/\/youdao.com\/w\/goodm","subtitle":"goodm","text":{"copy":"\u6731\u609f\u7a7a"},"title":"\u6731\u609f\u7a7a","valid":true}
{"arg":"goodman","icon":{"path":"translate.png"},"quicklookurl":"http:\/\/youdao.com\/w\/goodman","subtitle":"Goodman","text":{"copy":"\u53e4\u5fb7\u66fc,\u5609\u6c11\u96c6\u56e2,\u4e3b\u4eba,\u5609\u6c11"},"title":"\u53e4\u5fb7\u66fc,\u5609\u6c11\u96c6\u56e2,\u4e3b\u4eba,\u5609\u6c11","valid":true}
{"arg":"you","icon":{"path":"translate.png"},"quicklookurl":"http:\/\/youdao.com\/w\/you","subtitle":"You","text":{"copy":"\u4f60,\u4f60\u4eec,\u4f60\u548c\u6211"},"title":"\u4f60,\u4f60\u4eec,\u4f60\u548c\u6211","valid":true}
{"arg":"go","icon":{"path":"translate.png"},"quicklookurl":"http:\/\/youdao.com\/w\/go","subtitle":"Go","text":{"copy":"\u56f4\u68cb,\u53bb,\u8d70,\u6c27\u5316\u77f3\u58a8\u70ef"},"title":"\u56f4\u68cb,\u53bb,\u8d70,\u6c27\u5316\u77f3\u58a8\u70ef","valid":true}
{"arg":"good","icon":{"path":"translate.png"},"quicklookurl":"http:\/\/youdao.com\/w\/good","subtitle":"good","text":{"copy":"\u597d\u7684,\u5584,\u826f\u597d"},"title":"\u597d\u7684,\u5584,\u826f\u597d","valid":true}
{"arg":"m","icon":{"path":"translate.png"},"quicklookurl":"http:\/\/youdao.com\/w\/m","subtitle":"Sachiko M","text":{"copy":"\u677e\u539f\u5e78\u5b50"},"title":"\u677e\u539f\u5e78\u5b50","valid":true}
{"arg":"man","icon":{"path":"translate.png"},"quicklookurl":"http:\/\/youdao.com\/w\/man","subtitle":"MAN","text":{"copy":"\u7537\u4eba,\u4eba,\u57ce\u57df\u7f51,\u5fb7\u56fd\u66fc"},"title":"\u7537\u4eba,\u4eba,\u57ce\u57df\u7f51,\u5fb7\u56fd\u66fc","valid":true}
{"arg":"add","icon":{"path":"translate.png"},"quicklookurl":"http:\/\/youdao.com\/w\/%E5%8A%A0","subtitle":"\u52a0","text":{"copy":"addition,Added,Plus,add up"},"title":"addition,Added,Plus,add up","valid":true}
{"arg":"good","icon":{"path":"translate.png"},"quicklookurl":"http:\/\/youdao.com\/w\/good","subtitle":"good","text":{"copy":"\u597d\u7684,\u5584,\u826f\u597d"},"title":"\u597d\u7684,\u5584,\u826f\u597d","valid":true}
{"arg":"add","icon":{"path":"translate.png"},"quicklookurl":"http:\/\/youdao.com\/w\/add","subtitle":"Add","text":{"copy":"\u5730\u5740,\u6dfb\u52a0,\u589e\u52a0,\u8fde\u63a5\u4e24\u4e2a\u5b57\u7b26\u4e32"},"title":"\u5730\u5740,\u6dfb\u52a0,\u589e\u52a0,\u8fde\u63a5\u4e24\u4e2a\u5b57\u7b26\u4e32","valid":true}
{"arg":"man","icon":{"path":"translate.png"},"quicklookurl":"http:\/\/youdao.com\/w\/man","subtitle":"MAN","text":{"copy":"\u7537\u4eba,\u4eba,\u57ce\u57df\u7f51,\u5fb7\u56fd\u66fc"},"title":"\u7537\u4eba,\u4eba,\u57ce\u57df\u7f51,\u5fb7\u56fd\u66fc","valid":true}
{"arg":"go","icon":{"path":"translate.png"},"quicklookurl":"http:\/\/youdao.com\/w\/go","subtitle":"Go","text":{"copy":"\u56f4\u68cb,\u53bb,\u8d70,\u6c27\u5316\u77f3\u58a8\u70ef"},"title":"\u56f4\u68cb,\u53bb,\u8d70,\u6c27\u5316\u77f3\u58a8\u70ef","valid":true}
{"arg":"good","icon":{"path":"translate.png"},"quicklookurl":"http:\/\/youdao.com\/w\/good","subtitle":"good","text":{"copy":"\u597d\u7684,\u5584,\u826f\u597d"},"title":"\u597d\u7684,\u5584,\u826f\u597d","valid":true}
{"arg":"good","icon":{"path":"translate.png"},"quicklookurl":"http:\/\/youdao.com\/w\/good","subtitle":"good","text":{"copy":"\u597d\u7684,\u5584,\u826f\u597d"},"title":"\u597d\u7684,\u5584,\u826f\u597d","valid":true}
{"arg":"go","icon":{"path":"translate.png"},"quicklookurl":"http:\/\/youdao.com\/w\/go","subtitle":"Go","text":{"copy":"\u56f4\u68cb,\u53bb,\u8d70,\u6c27\u5316\u77f3\u58a8\u70ef"},"title":"\u56f4\u68cb,\u53bb,\u8d70,\u6c27\u5316\u77f3\u58a8\u70ef","valid":true}
{"arg":"good","icon":{"path":"translate.png"},"quicklookurl":"http:\/\/youdao.com\/w\/good","subtitle":"good","text":{"copy":"\u597d\u7684,\u5584,\u826f\u597d"},"title":"\u597d\u7684,\u5584,\u826f\u597d","valid":true}
{"arg":"go","icon":{"path":"translate.png"},"quicklookurl":"http:\/\/youdao.com\/w\/go","subtitle":"Go","text":{"copy":"\u56f4\u68cb,\u53bb,\u8d70,\u6c27\u5316\u77f3\u58a8\u70ef"},"title":"\u56f4\u68cb,\u53bb,\u8d70,\u6c27\u5316\u77f3\u58a8\u70ef","valid":true}
{"arg":"good","icon":{"path":"translate.png"},"quicklookurl":"http:\/\/youdao.com\/w\/good","subtitle":"good","text":{"copy":"\u597d\u7684,\u5584,\u826f\u597d"},"title":"\u597d\u7684,\u5584,\u826f\u597d","valid":true}
{"arg":"go","icon":{"path":"translate.png"},"quicklookurl":"http:\/\/youdao.com\/w\/go","subtitle":"Go","text":{"copy":"\u56f4\u68cb,\u53bb,\u8d70,\u6c27\u5316\u77f3\u58a8\u70ef"},"title":"\u56f4\u68cb,\u53bb,\u8d70,\u6c27\u5316\u77f3\u58a8\u70ef","valid":true}
{"arg":"good","icon":{"path":"translate.png"},"quicklookurl":"http:\/\/youdao.com\/w\/good","subtitle":"good","text":{"copy":"\u597d\u7684,\u5584,\u826f\u597d"},"title":"\u597d\u7684,\u5584,\u826f\u597d","valid":true}
{"arg":"go","icon":{"path":"translate.png"},"quicklookurl":"http:\/\/youdao.com\/w\/go","subtitle":"Go","text":{"copy":"\u56f4\u68cb,\u53bb,\u8d70,\u6c27\u5316\u77f3\u58a8\u70ef"},"title":"\u56f4\u68cb,\u53bb,\u8d70,\u6c27\u5316\u77f3\u58a8\u70ef","valid":true}
{"arg":"good","icon":{"path":"translate.png"},"quicklookurl":"http:\/\/youdao.com\/w\/good","subtitle":"good","text":{"copy":"\u597d\u7684,\u5584,\u826f\u597d"},"title":"\u597d\u7684,\u5584,\u826f\u597d","valid":true}
{"arg":"go","icon":{"path":"translate.png"},"quicklookurl":"http:\/\/youdao.com\/w\/go","subtitle":"Go","text":{"copy":"\u56f4\u68cb,\u53bb,\u8d70,\u6c27\u5316\u77f3\u58a8\u70ef"},"title":"\u56f4\u68cb,\u53bb,\u8d70,\u6c27\u5316\u77f3\u58a8\u70ef","valid":true}
{"arg":"good","icon":{"path":"translate.png"},"quicklookurl":"http:\/\/youdao.com\/w\/good","subtitle":"good","text":{"copy":"\u597d\u7684,\u5584,\u826f\u597d"},"title":"\u597d\u7684,\u5584,\u826f\u597d","valid":true}
{"arg":"co","icon":{"path":"translate.png"},"quicklookurl":"http:\/\/youdao.com\/w\/co","subtitle":"CO","text":{"copy":"\u4e00\u6c27\u5316\u78b3,\u4e00\u6c27\u5316\u78b3(Carbonic Oxide),\u590d\u5236,\u54e5\u4f26\u6bd4\u4e9a"},"title":"\u4e00\u6c27\u5316\u78b3,\u4e00\u6c27\u5316\u78b3(Carbonic Oxide),\u590d\u5236,\u54e5\u4f26\u6bd4\u4e9a","valid":true}
{"arg":"cock","icon":{"path":"translate.png"},"quicklookurl":"http:\/\/youdao.com\/w\/cock","subtitle":"Cock","text":{"copy":"\u4e8c\u901a,\u65cb\u585e\u9600,\u65cb\u585e"},"title":"\u4e8c\u901a,\u65cb\u585e\u9600,\u65cb\u585e","valid":true}
{"arg":"co","icon":{"path":"translate.png"},"quicklookurl":"http:\/\/youdao.com\/w\/co","subtitle":"CO","text":{"copy":"\u4e00\u6c27\u5316\u78b3,\u4e00\u6c27\u5316\u78b3(Carbonic Oxide),\u590d\u5236,\u54e5\u4f26\u6bd4\u4e9a"},"title":"\u4e00\u6c27\u5316\u78b3,\u4e00\u6c27\u5316\u78b3(Carbonic Oxide),\u590d\u5236,\u54e5\u4f26\u6bd4\u4e9a","valid":true}
{"arg":"cock","icon":{"path":"translate.png"},"quicklookurl":"http:\/\/youdao.com\/w\/cock","subtitle":"Cock","text":{"copy":"\u4e8c\u901a,\u65cb\u585e\u9600,\u65cb\u585e"},"title":"\u4e8c\u901a,\u65cb\u585e\u9600,\u65cb\u585e","valid":true}
{"arg":"good","icon":{"path":"translate.png"},"quicklookurl":"http:\/\/youdao.com\/w\/good","subtitle":"good","text":{"copy":"\u597d\u7684,\u5584,\u826f\u597d"},"title":"\u597d\u7684,\u5584,\u826f\u597d","valid":true}
{"arg":"good","icon":{"path":"translate.png"},"quicklookurl":"http:\/\/youdao.com\/w\/good","subtitle":"good","text":{"copy":"\u597d\u7684,\u5584,\u826f\u597d"},"title":"\u597d\u7684,\u5584,\u826f\u597d","valid":true}
{"arg":"go","icon":{"path":"translate.png"},"quicklookurl":"http:\/\/youdao.com\/w\/go","subtitle":"Go","text":{"copy":"\u56f4\u68cb,\u53bb,\u8d70,\u6c27\u5316\u77f3\u58a8\u70ef"},"title":"\u56f4\u68cb,\u53bb,\u8d70,\u6c27\u5316\u77f3\u58a8\u70ef","valid":true}
{"arg":"good","icon":{"path":"translate.png"},"quicklookurl":"http:\/\/youdao.com\/w\/good","subtitle":"good","text":{"copy":"\u597d\u7684,\u5584,\u826f\u597d"},"title":"\u597d\u7684,\u5584,\u826f\u597d","valid":true}
{"arg":"a","icon":{"path":"translate.png"},"quicklookurl":"http:\/\/youdao.com\/w\/a","subtitle":"a cappella","text":{"copy":"\u65e0\u4f34\u594f\u5408\u5531,\u963f\u5361\u8d1d\u62c9,\u8d70\u5728\u5927\u8857\u7684\u5973\u5b50,\u65e0\u4f34\u594f"},"title":"\u65e0\u4f34\u594f\u5408\u5531,\u963f\u5361\u8d1d\u62c9,\u8d70\u5728\u5927\u8857\u7684\u5973\u5b50,\u65e0\u4f34\u594f","valid":true}
{"arg":"a","icon":{"path":"translate.png"},"quicklookurl":"http:\/\/youdao.com\/w\/a","subtitle":"a cappella","text":{"copy":"\u65e0\u4f34\u594f\u5408\u5531,\u963f\u5361\u8d1d\u62c9,\u8d70\u5728\u5927\u8857\u7684\u5973\u5b50,\u65e0\u4f34\u594f"},"title":"\u65e0\u4f34\u594f\u5408\u5531,\u963f\u5361\u8d1d\u62c9,\u8d70\u5728\u5927\u8857\u7684\u5973\u5b50,\u65e0\u4f34\u594f","valid":true}
{"arg":"m","icon":{"path":"translate.png"},"quicklookurl":"http:\/\/youdao.com\/w\/m","subtitle":"Sachiko M","text":{"copy":"\u677e\u539f\u5e78\u5b50"},"title":"\u677e\u539f\u5e78\u5b50","valid":true}
{"arg":"man","icon":{"path":"translate.png"},"quicklookurl":"http:\/\/youdao.com\/w\/man","subtitle":"MAN","text":{"copy":"\u7537\u4eba,\u4eba,\u57ce\u57df\u7f51,\u5fb7\u56fd\u66fc"},"title":"\u7537\u4eba,\u4eba,\u57ce\u57df\u7f51,\u5fb7\u56fd\u66fc","valid":true}
{"arg":"go","icon":{"path":"translate.png"},"quicklookurl":"http:\/\/youdao.com\/w\/go","subtitle":"Go","text":{"copy":"\u56f4\u68cb,\u53bb,\u8d70,\u6c27\u5316\u77f3\u58a8\u70ef"},"title":"\u56f4\u68cb,\u53bb,\u8d70,\u6c27\u5316\u77f3\u58a8\u70ef","valid":true}
{"arg":"good","icon":{"path":"translate.png"},"quicklookurl":"http:\/\/youdao.com\/w\/good","subtitle":"good","text":{"copy":"\u597d\u7684,\u5584,\u826f\u597d"},"title":"\u597d\u7684,\u5584,\u826f\u597d","valid":true}
{"arg":"good","icon":{"path":"translate.png"},"quicklookurl":"http:\/\/youdao.com\/w\/good","subtitle":"good","text":{"copy":"\u597d\u7684,\u5584,\u826f\u597d"},"title":"\u597d\u7684,\u5584,\u826f\u597d","valid":true}
{"arg":"go","icon":{"path":"translate.png"},"quicklookurl":"http:\/\/youdao.com\/w\/go","subtitle":"Go","text":{"copy":"\u56f4\u68cb,\u53bb,\u8d70,\u6c27\u5316\u77f3\u58a8\u70ef"},"title":"\u56f4\u68cb,\u53bb,\u8d70,\u6c27\u5316\u77f3\u58a8\u70ef","valid":true}
{"arg":"good","icon":{"path":"translate.png"},"quicklookurl":"http:\/\/youdao.com\/w\/good","subtitle":"good","text":{"copy":"\u597d\u7684,\u5584,\u826f\u597d"},"title":"\u597d\u7684,\u5584,\u826f\u597d","valid":true}
{"arg":"go","icon":{"path":"translate.png"},"quicklookurl":"http:\/\/youdao.com\/w\/go","subtitle":"Go","text":{"copy":"\u56f4\u68cb,\u53bb,\u8d70,\u6c27\u5316\u77f3\u58a8\u70ef"},"title":"\u56f4\u68cb,\u53bb,\u8d70,\u6c27\u5316\u77f3\u58a8\u70ef","valid":true}
{"arg":"good","icon":{"path":"translate.png"},"quicklookurl":"http:\/\/youdao.com\/w\/good","subtitle":"good","text":{"copy":"\u597d\u7684,\u5584,\u826f\u597d"},"title":"\u597d\u7684,\u5584,\u826f\u597d","valid":true}
{"arg":"hello","icon":{"path":"translate.png"},"quicklookurl":"http:\/\/youdao.com\/w\/hello","subtitle":"Hello","text":{"copy":"\u4f60\u597d,\u60a8\u597d,\u54c8\u5570,\u5582"},"title":"\u4f60\u597d,\u60a8\u597d,\u54c8\u5570,\u5582","valid":true}
{"arg":"hello ","icon":{"path":"translate.png"},"quicklookurl":"http:\/\/youdao.com\/w\/hello+","subtitle":"Hello","text":{"copy":"\u4f60\u597d,\u60a8\u597d,\u54c8\u5570,\u5582"},"title":"\u4f60\u597d,\u60a8\u597d,\u54c8\u5570,\u5582","valid":true}
{"arg":"hello world","icon":{"path":"translate.png"},"quicklookurl":"http:\/\/youdao.com\/w\/hello+world","subtitle":"hello world","text":{"copy":"\u4f60\u597d\u4e16\u754c,\u5f00\u59cb,\u522b\u6765\u65e0\u6059,\u4e3e\u4e2a\u4f8b\u5b50"},"title":"\u4f60\u597d\u4e16\u754c,\u5f00\u59cb,\u522b\u6765\u65e0\u6059,\u4e3e\u4e2a\u4f8b\u5b50","valid":true}
{"arg":"hello ","icon":{"path":"translate.png"},"quicklookurl":"http:\/\/youdao.com\/w\/hello+","subtitle":"Hello","text":{"copy":"\u4f60\u597d,\u60a8\u597d,\u54c8\u5570,\u5582"},"title":"\u4f60\u597d,\u60a8\u597d,\u54c8\u5570,\u5582","valid":true}
{"arg":"hello","icon":{"path":"translate.png"},"quicklookurl":"http:\/\/youdao.com\/w\/hello","subtitle":"Hello","text":{"copy":"\u4f60\u597d,\u60a8\u597d,\u54c8\u5570,\u5582"},"title":"\u4f60\u597d,\u60a8\u597d,\u54c8\u5570,\u5582","valid":true}
{"arg":"hello","icon":{"path":"translate.png"},"quicklookurl":"http:\/\/youdao.com\/w\/hello","subtitle":"Hello","text":{"copy":"\u4f60\u597d,\u60a8\u597d,\u54c8\u5570,\u5582"},"title":"\u4f60\u597d,\u60a8\u597d,\u54c8\u5570,\u5582","valid":true}
{"arg":"go","icon":{"path":"translate.png"},"quicklookurl":"http:\/\/youdao.com\/w\/go","subtitle":"Go","text":{"copy":"\u56f4\u68cb,\u53bb,\u8d70,\u6c27\u5316\u77f3\u58a8\u70ef"},"title":"\u56f4\u68cb,\u53bb,\u8d70,\u6c27\u5316\u77f3\u58a8\u70ef","valid":true}
{"arg":"good","icon":{"path":"translate.png"},"quicklookurl":"http:\/\/youdao.com\/w\/good","subtitle":"good","text":{"copy":"\u597d\u7684,\u5584,\u826f\u597d"},"title":"\u597d\u7684,\u5584,\u826f\u597d","valid":true}
{"arg":"go","icon":{"path":"translate.png"},"quicklookurl":"http:\/\/youdao.com\/w\/go","subtitle":"Go","text":{"copy":"\u56f4\u68cb,\u53bb,\u8d70,\u6c27\u5316\u77f3\u58a8\u70ef"},"title":"\u56f4\u68cb,\u53bb,\u8d70,\u6c27\u5316\u77f3\u58a8\u70ef","valid":true}
{"arg":"good","icon":{"path":"translate.png"},"quicklookurl":"http:\/\/youdao.com\/w\/good","subtitle":"good","text":{"copy":"\u597d\u7684,\u5584,\u826f\u597d"},"title":"\u597d\u7684,\u5584,\u826f\u597d","valid":true}
{"arg":"go","icon":{"path":"translate.png"},"quicklookurl":"http:\/\/youdao.com\/w\/go","subtitle":"Go","text":{"copy":"\u56f4\u68cb,\u53bb,\u8d70,\u6c27\u5316\u77f3\u58a8\u70ef"},"title":"\u56f4\u68cb,\u53bb,\u8d70,\u6c27\u5316\u77f3\u58a8\u70ef","valid":true}
{"arg":"good","icon":{"path":"translate.png"},"quicklookurl":"http:\/\/youdao.com\/w\/good","subtitle":"good","text":{"copy":"\u597d\u7684,\u5584,\u826f\u597d"},"title":"\u597d\u7684,\u5584,\u826f\u597d","valid":true}
{"arg":"go","icon":{"path":"translate.png"},"quicklookurl":"http:\/\/youdao.com\/w\/go","subtitle":"Go","text":{"copy":"\u56f4\u68cb,\u53bb,\u8d70,\u6c27\u5316\u77f3\u58a8\u70ef"},"title":"\u56f4\u68cb,\u53bb,\u8d70,\u6c27\u5316\u77f3\u58a8\u70ef","valid":true}
{"arg":"good","icon":{"path":"translate.png"},"quicklookurl":"http:\/\/youdao.com\/w\/good","subtitle":"good","text":{"copy":"\u597d\u7684,\u5584,\u826f\u597d"},"title":"\u597d\u7684,\u5584,\u826f\u597d","valid":true}
{"arg":"go","icon":{"path":"translate.png"},"quicklookurl":"http:\/\/youdao.com\/w\/go","subtitle":"Go","text":{"copy":"\u56f4\u68cb,\u53bb,\u8d70,\u6c27\u5316\u77f3\u58a8\u70ef"},"title":"\u56f4\u68cb,\u53bb,\u8d70,\u6c27\u5316\u77f3\u58a8\u70ef","valid":true}
{"arg":"good","icon":{"path":"translate.png"},"quicklookurl":"http:\/\/youdao.com\/w\/good","subtitle":"good","text":{"copy":"\u597d\u7684,\u5584,\u826f\u597d"},"title":"\u597d\u7684,\u5584,\u826f\u597d","valid":true}
{"arg":"go","icon":{"path":"translate.png"},"quicklookurl":"http:\/\/youdao.com\/w\/go","subtitle":"Go","text":{"copy":"\u56f4\u68cb,\u53bb,\u8d70,\u6c27\u5316\u77f3\u58a8\u70ef"},"title":"\u56f4\u68cb,\u53bb,\u8d70,\u6c27\u5316\u77f3\u58a8\u70ef","valid":true}
{"arg":"good","icon":{"path":"translate.png"},"quicklookurl":"http:\/\/youdao.com\/w\/good","subtitle":"good","text":{"copy":"\u597d\u7684,\u5584,\u826f\u597d"},"title":"\u597d\u7684,\u5584,\u826f\u597d","valid":true}
{"arg":"chi","icon":{"path":"translate.png"},"quicklookurl":"http:\/\/youdao.com\/w\/chi","subtitle":"Chi","text":{"copy":"\u8d77\u53f8\u732b,\u829d\u52a0\u54e5,\u5947\u5947,\u667a\u5229"},"title":"\u8d77\u53f8\u732b,\u829d\u52a0\u54e5,\u5947\u5947,\u667a\u5229","valid":true}
{"arg":"chil","icon":{"path":"translate.png"},"quicklookurl":"http:\/\/youdao.com\/w\/chil","subtitle":"Chil","text":{"copy":"\u5a03\u9b3c\u56de\u9b42,\u4eba\u7c7b\u5408\u4f5c\u6c89\u6d78\u5b9e\u9a8c\u5ba4"},"title":"\u5a03\u9b3c\u56de\u9b42,\u4eba\u7c7b\u5408\u4f5c\u6c89\u6d78\u5b9e\u9a8c\u5ba4","valid":true}
{"arg":"child","icon":{"path":"translate.png"},"quicklookurl":"http:\/\/youdao.com\/w\/child","subtitle":"Child","text":{"copy":"\u5b69\u5b50,\u513f\u7ae5,\u5c0f\u5b69,\u5c14\u5fb7"},"title":"\u5b69\u5b50,\u513f\u7ae5,\u5c0f\u5b69,\u5c14\u5fb7","valid":true}
{"arg":"children","icon":{"path":"translate.png"},"quicklookurl":"http:\/\/youdao.com\/w\/children","subtitle":"Children","text":{"copy":"\u513f\u7ae5,\u5b69\u5b50\u4eec,\u5c0f\u513f"},"title":"\u513f\u7ae5,\u5b69\u5b50\u4eec,\u5c0f\u513f","valid":true}
{"arg":"processing","icon":{"path":"translate.png"},"quicklookurl":"http:\/\/youdao.com\/w\/%E5%8A%A0%E5%B7%A5","subtitle":"\u52a0\u5de5","text":{"copy":"processing,transformation,Fabrication,machining"},"title":"processing,transformation,Fabrication,machining","valid":true}
{"arg":"describe","icon":{"path":"translate.png"},"quicklookurl":"http:\/\/youdao.com\/w\/%E6%8F%8F%E8%BF%B0","subtitle":"\u63cf\u8ff0","text":{"copy":"description,describe,depict"},"title":"description,describe,depict","valid":true}
{"arg":"The tree","icon":{"path":"translate.png"},"quicklookurl":"http:\/\/youdao.com\/w\/%E6%A0%91%E5%BD%A2","subtitle":"\u6811\u5f62","text":{"copy":"Tree,Training system,clustetree,ajax"},"title":"Tree,Training system,clustetree,ajax","valid":true}
{"arg":"The tree","icon":{"path":"translate.png"},"quicklookurl":"http:\/\/youdao.com\/w\/%E6%A0%91","subtitle":"\u6811","text":{"copy":"tree,Mariko Itsuki,tree structure,Horrify"},"title":"tree,Mariko Itsuki,tree structure,Horrify","valid":true}
{"arg":"attribute","icon":{"path":"translate.png"},"quicklookurl":"http:\/\/youdao.com\/w\/%E5%B1%9E%E6%80%A7","subtitle":"\u5c5e\u6027","text":{"copy":"property,Attributes,properties,Attribute"},"title":"property,Attributes,properties,Attribute","valid":true}
{"arg":"dash","icon":{"path":"translate.png"},"quicklookurl":"http:\/\/youdao.com\/w\/dash","subtitle":"dash","text":{"copy":"\u731b\u51b2,\u7834\u6298\u53f7,\u8fde\u63a5\u53f7,\u5f97\u8212\u996e\u98df"},"title":"\u731b\u51b2,\u7834\u6298\u53f7,\u8fde\u63a5\u53f7,\u5f97\u8212\u996e\u98df","valid":true}
{"arg":"dashboard","icon":{"path":"translate.png"},"quicklookurl":"http:\/\/youdao.com\/w\/dashboard","subtitle":"Seller Dashboard","text":{"copy":"\u5356\u5bb6\u6210\u7ee9\u8868,\u5356\u5bb6\u72b6\u6001\u4e00\u89c8\u8868"},"title":"\u5356\u5bb6\u6210\u7ee9\u8868,\u5356\u5bb6\u72b6\u6001\u4e00\u89c8\u8868","valid":true}
{"arg":"dash","icon":{"path":"translate.png"},"quicklookurl":"http:\/\/youdao.com\/w\/dash","subtitle":"dash","text":{"copy":"\u731b\u51b2,\u7834\u6298\u53f7,\u8fde\u63a5\u53f7,\u5f97\u8212\u996e\u98df"},"title":"\u731b\u51b2,\u7834\u6298\u53f7,\u8fde\u63a5\u53f7,\u5f97\u8212\u996e\u98df","valid":true}
{"arg":"dashboard","icon":{"path":"translate.png"},"quicklookurl":"http:\/\/youdao.com\/w\/dashboard","subtitle":"Seller Dashboard","text":{"copy":"\u5356\u5bb6\u6210\u7ee9\u8868,\u5356\u5bb6\u72b6\u6001\u4e00\u89c8\u8868"},"title":"\u5356\u5bb6\u6210\u7ee9\u8868,\u5356\u5bb6\u72b6\u6001\u4e00\u89c8\u8868","valid":true}
{"arg":"kick","icon":{"path":"translate.png"},"quicklookurl":"http:\/\/youdao.com\/w\/kick","subtitle":"kick","text":{"copy":"\u811a\u6cd5,\u8e22\u51fa,\u6253\u6c34,\u4e00\u811a"},"title":"\u811a\u6cd5,\u8e22\u51fa,\u6253\u6c34,\u4e00\u811a","valid":true}
{"arg":"kick ","icon":{"path":"translate.png"},"quicklookurl":"http:\/\/youdao.com\/w\/kick+","subtitle":"kick","text":{"copy":"\u811a\u6cd5,\u8e22\u51fa,\u6253\u6c34,\u4e00\u811a"},"title":"\u811a\u6cd5,\u8e22\u51fa,\u6253\u6c34,\u4e00\u811a","valid":true}
{"arg":"kick out","icon":{"path":"translate.png"},"quicklookurl":"http:\/\/youdao.com\/w\/kick+out","subtitle":"kick out","text":{"copy":"\u8e22\u51fa\u754c,\u9010\u51fa,\u89e3\u96c7,\u628a\u7403\u8e22\u51fa\u754c"},"title":"\u8e22\u51fa\u754c,\u9010\u51fa,\u89e3\u96c7,\u628a\u7403\u8e22\u51fa\u754c","valid":true}
{"arg":"To eliminate","icon":{"path":"translate.png"},"quicklookurl":"http:\/\/youdao.com\/w\/%E5%89%94%E9%99%A4+","subtitle":"\u5254\u9664","text":{"copy":"reject,Removed,kick,CULL"},"title":"reject,Removed,kick,CULL","valid":true}
{"arg":"To eliminate","icon":{"path":"translate.png"},"quicklookurl":"http:\/\/youdao.com\/w\/%E5%89%94%E9%99%A4","subtitle":"\u5254\u9664","text":{"copy":"reject,Removed,kick,CULL"},"title":"reject,Removed,kick,CULL","valid":true}
{"arg":"To eliminate","icon":{"path":"translate.png"},"quicklookurl":"http:\/\/youdao.com\/w\/%E5%89%94%E9%99%A4","subtitle":"\u5254\u9664","text":{"copy":"reject,Removed,kick,CULL"},"title":"reject,Removed,kick,CULL","valid":true}
{"arg":"knockout","icon":{"path":"translate.png"},"quicklookurl":"http:\/\/youdao.com\/w\/knockout","subtitle":"Knockout","text":{"copy":"\u6dd8\u6c70\u8d5b,\u6dd8\u6c70\u5236,\u8131\u6a21\u88c5\u7f6e"},"title":"\u6dd8\u6c70\u8d5b,\u6dd8\u6c70\u5236,\u8131\u6a21\u88c5\u7f6e","valid":true}
{"arg":"To eliminate","icon":{"path":"translate.png"},"quicklookurl":"http:\/\/youdao.com\/w\/%E5%89%94%E9%99%A4","subtitle":"\u5254\u9664","text":{"copy":"reject,Removed,kick,CULL"},"title":"reject,Removed,kick,CULL","valid":true}
{"arg":"The restaurant","icon":{"path":"translate.png"},"quicklookurl":"http:\/\/youdao.com\/w\/%E9%A4%90%E5%8E%85","subtitle":"\u9910\u5385","text":{"copy":"Restaurant,dining room,dining-hall,refectory"},"title":"Restaurant,dining room,dining-hall,refectory","valid":true}
{"arg":"The restaurant","icon":{"path":"translate.png"},"quicklookurl":"http:\/\/youdao.com\/w\/%E9%A4%90%E5%8E%85","subtitle":"\u9910\u5385","text":{"copy":"Restaurant,dining room,dining-hall,refectory"},"title":"Restaurant,dining room,dining-hall,refectory","valid":true}
{"arg":"hello","icon":{"path":"translate.png"},"quicklookurl":"http:\/\/youdao.com\/w\/hello","subtitle":"Hello","text":{"copy":"\u4f60\u597d,\u60a8\u597d,\u54c8\u5570,\u5582"},"title":"\u4f60\u597d,\u60a8\u597d,\u54c8\u5570,\u5582","valid":true}
